<?xml version="1.0" encoding="UTF-8"?>
<coverage generated="1736365844858" clover="3.2.0">
  <project timestamp="1736365844858" name="All files">
    <metrics statements="100" coveredstatements="82" conditionals="64" coveredconditionals="52" methods="19" coveredmethods="17" elements="183" coveredelements="151" complexity="0" loc="100" ncloc="100" packages="2" files="7" classes="7"/>
    <package name="frontend-project-103">
      <metrics statements="53" coveredstatements="40" conditionals="31" coveredconditionals="24" methods="5" coveredmethods="4"/>
      <file name="diffBuilder.js" path="/Users/diego/Desktop/codica/frontend-project-103/diffBuilder.js">
        <metrics statements="22" coveredstatements="20" conditionals="16" coveredconditionals="14" methods="2" coveredmethods="2"/>
        <line num="3" count="1" type="stmt"/>
        <line num="4" count="1" type="stmt"/>
        <line num="5" count="1" type="stmt"/>
        <line num="6" count="1" type="stmt"/>
        <line num="7" count="1" type="stmt"/>
        <line num="10" count="28" type="cond" truecount="3" falsecount="1"/>
        <line num="11" count="0" type="stmt"/>
        <line num="14" count="28" type="stmt"/>
        <line num="16" count="28" type="cond" truecount="1" falsecount="1"/>
        <line num="17" count="0" type="stmt"/>
        <line num="20" count="28" type="stmt"/>
        <line num="21" count="103" type="cond" truecount="2" falsecount="0"/>
        <line num="22" count="30" type="stmt"/>
        <line num="24" count="73" type="cond" truecount="2" falsecount="0"/>
        <line num="25" count="14" type="stmt"/>
        <line num="28" count="59" type="stmt"/>
        <line num="29" count="59" type="stmt"/>
        <line num="31" count="59" type="cond" truecount="4" falsecount="0"/>
        <line num="32" count="20" type="stmt"/>
        <line num="39" count="39" type="cond" truecount="2" falsecount="0"/>
        <line num="40" count="22" type="stmt"/>
        <line num="48" count="17" type="stmt"/>
      </file>
      <file name="gendiff.mjs" path="/Users/diego/Desktop/codica/frontend-project-103/gendiff.mjs">
        <metrics statements="19" coveredstatements="10" conditionals="5" coveredconditionals="3" methods="2" coveredmethods="1"/>
        <line num="12" count="8" type="stmt"/>
        <line num="13" count="8" type="stmt"/>
        <line num="14" count="7" type="stmt"/>
        <line num="16" count="7" type="stmt"/>
        <line num="21" count="7" type="cond" truecount="1" falsecount="1"/>
        <line num="22" count="0" type="stmt"/>
        <line num="25" count="7" type="stmt"/>
        <line num="27" count="1" type="stmt"/>
        <line num="31" count="1" type="stmt"/>
        <line num="33" count="1" type="stmt"/>
        <line num="45" count="0" type="stmt"/>
        <line num="46" count="0" type="stmt"/>
        <line num="47" count="0" type="stmt"/>
        <line num="49" count="0" type="stmt"/>
        <line num="50" count="0" type="stmt"/>
        <line num="52" count="0" type="stmt"/>
        <line num="53" count="0" type="stmt"/>
        <line num="58" count="1" type="cond" truecount="1" falsecount="1"/>
        <line num="59" count="0" type="stmt"/>
      </file>
      <file name="parsers.js" path="/Users/diego/Desktop/codica/frontend-project-103/parsers.js">
        <metrics statements="12" coveredstatements="10" conditionals="10" coveredconditionals="7" methods="1" coveredmethods="1"/>
        <line num="5" count="1" type="stmt"/>
        <line num="6" count="15" type="stmt"/>
        <line num="7" count="15" type="stmt"/>
        <line num="9" count="15" type="cond" truecount="1" falsecount="1"/>
        <line num="10" count="0" type="stmt"/>
        <line num="13" count="15" type="cond" truecount="4" falsecount="0"/>
        <line num="14" count="4" type="cond" truecount="1" falsecount="1"/>
        <line num="15" count="11" type="cond" truecount="1" falsecount="1"/>
        <line num="16" count="11" type="stmt"/>
        <line num="17" count="11" type="stmt"/>
        <line num="19" count="1" type="stmt"/>
        <line num="23" count="0" type="stmt"/>
      </file>
    </package>
    <package name="frontend-project-103.formatters">
      <metrics statements="47" coveredstatements="42" conditionals="33" coveredconditionals="28" methods="14" coveredmethods="13"/>
      <file name="index.js" path="/Users/diego/Desktop/codica/frontend-project-103/formatters/index.js">
        <metrics statements="6" coveredstatements="5" conditionals="4" coveredconditionals="3" methods="1" coveredmethods="1"/>
        <line num="5" count="1" type="stmt"/>
        <line num="6" count="7" type="cond" truecount="3" falsecount="1"/>
        <line num="8" count="5" type="stmt"/>
        <line num="10" count="1" type="stmt"/>
        <line num="12" count="1" type="stmt"/>
        <line num="14" count="0" type="stmt"/>
      </file>
      <file name="json.js" path="/Users/diego/Desktop/codica/frontend-project-103/formatters/json.js">
        <metrics statements="1" coveredstatements="1" conditionals="0" coveredconditionals="0" methods="1" coveredmethods="1"/>
        <line num="1" count="1" type="stmt"/>
      </file>
      <file name="plain.js" path="/Users/diego/Desktop/codica/frontend-project-103/formatters/plain.js">
        <metrics statements="20" coveredstatements="18" conditionals="17" coveredconditionals="15" methods="3" coveredmethods="3"/>
        <line num="3" count="1" type="stmt"/>
        <line num="4" count="13" type="cond" truecount="2" falsecount="0"/>
        <line num="5" count="3" type="stmt"/>
        <line num="7" count="10" type="cond" truecount="2" falsecount="0"/>
        <line num="8" count="7" type="stmt"/>
        <line num="10" count="3" type="stmt"/>
        <line num="13" count="1" type="cond" truecount="1" falsecount="0"/>
        <line num="14" count="5" type="cond" truecount="2" falsecount="0"/>
        <line num="16" count="5" type="cond" truecount="1" falsecount="1"/>
        <line num="17" count="0" type="stmt"/>
        <line num="20" count="5" type="stmt"/>
        <line num="22" count="18" type="cond" truecount="2" falsecount="0"/>
        <line num="24" count="18" type="cond" truecount="5" falsecount="1"/>
        <line num="26" count="5" type="stmt"/>
        <line num="28" count="2" type="stmt"/>
        <line num="30" count="4" type="stmt"/>
        <line num="32" count="4" type="stmt"/>
        <line num="34" count="3" type="stmt"/>
        <line num="36" count="0" type="stmt"/>
        <line num="41" count="5" type="stmt"/>
      </file>
      <file name="stylish.js" path="/Users/diego/Desktop/codica/frontend-project-103/formatters/stylish.js">
        <metrics statements="20" coveredstatements="18" conditionals="12" coveredconditionals="10" methods="9" coveredmethods="8"/>
        <line num="4" count="69" type="cond" truecount="2" falsecount="0"/>
        <line num="5" count="67" type="cond" truecount="2" falsecount="0"/>
        <line num="6" count="14" type="stmt"/>
        <line num="7" count="14" type="stmt"/>
        <line num="8" count="14" type="stmt"/>
        <line num="9" count="18" type="stmt"/>
        <line num="11" count="14" type="stmt"/>
        <line num="13" count="53" type="stmt"/>
        <line num="17" count="59" type="stmt"/>
        <line num="18" count="8" type="stmt"/>
        <line num="20" count="5" type="stmt"/>
        <line num="21" count="49" type="cond" truecount="5" falsecount="2"/>
        <line num="23" count="0" type="stmt"/>
        <line num="25" count="28" type="stmt"/>
        <line num="27" count="15" type="stmt"/>
        <line num="29" count="8" type="stmt"/>
        <line num="31" count="8" type="stmt"/>
        <line num="33" count="10" type="stmt"/>
        <line num="38" count="0" type="stmt"/>
        <line num="42" count="21" type="stmt"/>
      </file>
    </package>
  </project>
</coverage>
