<?xml version="1.0" encoding="UTF-8"?>
<coverage generated="1731341012960" clover="3.2.0">
  <project timestamp="1731341012960" name="All files">
    <metrics statements="54" coveredstatements="47" conditionals="30" coveredconditionals="26" methods="10" coveredmethods="9" elements="94" coveredelements="82" complexity="0" loc="54" ncloc="54" packages="1" files="2" classes="2"/>
    <file name="gendiff.mjs" path="/Users/diego/Desktop/codica/frontend-project-103/gendiff.mjs">
      <metrics statements="46" coveredstatements="40" conditionals="24" coveredconditionals="21" methods="9" coveredmethods="8"/>
      <line num="11" count="12" type="stmt"/>
      <line num="13" count="12" type="stmt"/>
      <line num="14" count="46" type="cond" truecount="2" falsecount="0"/>
      <line num="15" count="12" type="stmt"/>
      <line num="17" count="34" type="cond" truecount="2" falsecount="0"/>
      <line num="18" count="8" type="stmt"/>
      <line num="20" count="26" type="stmt"/>
      <line num="21" count="26" type="stmt"/>
      <line num="22" count="26" type="cond" truecount="4" falsecount="0"/>
      <line num="23" count="8" type="stmt"/>
      <line num="25" count="18" type="cond" truecount="2" falsecount="0"/>
      <line num="26" count="10" type="stmt"/>
      <line num="28" count="8" type="stmt"/>
      <line num="34" count="92" type="stmt"/>
      <line num="35" count="12" type="stmt"/>
      <line num="36" count="46" type="stmt"/>
      <line num="37" count="46" type="stmt"/>
      <line num="38" count="46" type="stmt"/>
      <line num="40" count="46" type="cond" truecount="5" falsecount="1"/>
      <line num="42" count="12" type="stmt"/>
      <line num="44" count="8" type="stmt"/>
      <line num="46" count="8" type="stmt"/>
      <line num="48" count="10" type="stmt"/>
      <line num="53" count="8" type="stmt"/>
      <line num="55" count="0" type="stmt"/>
      <line num="58" count="12" type="stmt"/>
      <line num="63" count="67" type="cond" truecount="2" falsecount="0"/>
      <line num="64" count="52" type="stmt"/>
      <line num="66" count="15" type="stmt"/>
      <line num="67" count="15" type="stmt"/>
      <line num="68" count="15" type="stmt"/>
      <line num="69" count="19" type="stmt"/>
      <line num="71" count="15" type="stmt"/>
      <line num="76" count="4" type="stmt"/>
      <line num="77" count="4" type="stmt"/>
      <line num="78" count="4" type="stmt"/>
      <line num="80" count="4" type="cond" truecount="1" falsecount="1"/>
      <line num="81" count="4" type="stmt"/>
      <line num="84" count="0" type="stmt"/>
      <line num="87" count="1" type="stmt"/>
      <line num="89" count="1" type="stmt"/>
      <line num="95" count="0" type="stmt"/>
      <line num="96" count="0" type="stmt"/>
      <line num="97" count="0" type="stmt"/>
      <line num="100" count="1" type="cond" truecount="1" falsecount="1"/>
      <line num="101" count="0" type="stmt"/>
    </file>
    <file name="parsers.js" path="/Users/diego/Desktop/codica/frontend-project-103/parsers.js">
      <metrics statements="8" coveredstatements="7" conditionals="6" coveredconditionals="5" methods="1" coveredmethods="1"/>
      <line num="6" count="1" type="stmt"/>
      <line num="7" count="8" type="stmt"/>
      <line num="8" count="8" type="stmt"/>
      <line num="10" count="8" type="cond" truecount="4" falsecount="0"/>
      <line num="11" count="4" type="stmt"/>
      <line num="12" count="4" type="cond" truecount="1" falsecount="1"/>
      <line num="13" count="4" type="stmt"/>
      <line num="16" count="0" type="stmt"/>
    </file>
  </project>
</coverage>
