{"/Users/diego/Desktop/codica/frontend-project-103/diffBuilder.js": {"path":"/Users/diego/Desktop/codica/frontend-project-103/diffBuilder.js","statementMap":{"0":{"start":{"line":3,"column":18},"end":{"line":3,"column":25}},"1":{"start":{"line":4,"column":22},"end":{"line":4,"column":31}},"2":{"start":{"line":5,"column":21},"end":{"line":5,"column":29}},"3":{"start":{"line":6,"column":22},"end":{"line":6,"column":31}},"4":{"start":{"line":7,"column":24},"end":{"line":7,"column":35}},"5":{"start":{"line":10,"column":2},"end":{"line":12,"column":3}},"6":{"start":{"line":11,"column":4},"end":{"line":11,"column":80}},"7":{"start":{"line":14,"column":15},"end":{"line":14,"column":80}},"8":{"start":{"line":16,"column":2},"end":{"line":18,"column":3}},"9":{"start":{"line":17,"column":4},"end":{"line":17,"column":14}},"10":{"start":{"line":20,"column":2},"end":{"line":49,"column":5}},"11":{"start":{"line":21,"column":4},"end":{"line":23,"column":5}},"12":{"start":{"line":22,"column":6},"end":{"line":22,"column":61}},"13":{"start":{"line":24,"column":4},"end":{"line":26,"column":5}},"14":{"start":{"line":25,"column":6},"end":{"line":25,"column":65}},"15":{"start":{"line":28,"column":25},"end":{"line":28,"column":39}},"16":{"start":{"line":29,"column":25},"end":{"line":29,"column":39}},"17":{"start":{"line":31,"column":4},"end":{"line":37,"column":5}},"18":{"start":{"line":32,"column":6},"end":{"line":36,"column":8}},"19":{"start":{"line":39,"column":4},"end":{"line":46,"column":5}},"20":{"start":{"line":40,"column":6},"end":{"line":45,"column":8}},"21":{"start":{"line":48,"column":4},"end":{"line":48,"column":63}}},"fnMap":{"0":{"name":"buildDiff","decl":{"start":{"line":9,"column":9},"end":{"line":9,"column":18}},"loc":{"start":{"line":9,"column":41},"end":{"line":50,"column":1}},"line":9},"1":{"name":"(anonymous_1)","decl":{"start":{"line":20,"column":18},"end":{"line":20,"column":19}},"loc":{"start":{"line":20,"column":27},"end":{"line":49,"column":3}},"line":20}},"branchMap":{"0":{"loc":{"start":{"line":10,"column":2},"end":{"line":12,"column":3}},"type":"if","locations":[{"start":{"line":10,"column":2},"end":{"line":12,"column":3}},{"start":{},"end":{}}],"line":10},"1":{"loc":{"start":{"line":10,"column":6},"end":{"line":10,"column":30}},"type":"binary-expr","locations":[{"start":{"line":10,"column":6},"end":{"line":10,"column":16}},{"start":{"line":10,"column":20},"end":{"line":10,"column":30}}],"line":10},"2":{"loc":{"start":{"line":16,"column":2},"end":{"line":18,"column":3}},"type":"if","locations":[{"start":{"line":16,"column":2},"end":{"line":18,"column":3}},{"start":{},"end":{}}],"line":16},"3":{"loc":{"start":{"line":21,"column":4},"end":{"line":23,"column":5}},"type":"if","locations":[{"start":{"line":21,"column":4},"end":{"line":23,"column":5}},{"start":{},"end":{}}],"line":21},"4":{"loc":{"start":{"line":24,"column":4},"end":{"line":26,"column":5}},"type":"if","locations":[{"start":{"line":24,"column":4},"end":{"line":26,"column":5}},{"start":{},"end":{}}],"line":24},"5":{"loc":{"start":{"line":31,"column":4},"end":{"line":37,"column":5}},"type":"if","locations":[{"start":{"line":31,"column":4},"end":{"line":37,"column":5}},{"start":{},"end":{}}],"line":31},"6":{"loc":{"start":{"line":31,"column":8},"end":{"line":31,"column":70}},"type":"binary-expr","locations":[{"start":{"line":31,"column":8},"end":{"line":31,"column":37}},{"start":{"line":31,"column":41},"end":{"line":31,"column":70}}],"line":31},"7":{"loc":{"start":{"line":39,"column":4},"end":{"line":46,"column":5}},"type":"if","locations":[{"start":{"line":39,"column":4},"end":{"line":46,"column":5}},{"start":{},"end":{}}],"line":39}},"s":{"0":1,"1":1,"2":1,"3":1,"4":1,"5":28,"6":0,"7":28,"8":28,"9":0,"10":28,"11":103,"12":30,"13":73,"14":14,"15":59,"16":59,"17":59,"18":20,"19":39,"20":22,"21":17},"f":{"0":28,"1":103},"b":{"0":[0,28],"1":[28,28],"2":[0,28],"3":[30,73],"4":[14,59],"5":[20,39],"6":[59,25],"7":[22,17]},"_coverageSchema":"1a1c01bbd47fc00a2c39e90264f33305004495a9","hash":"ef2d2b80ce48dcd817a04d091aff76639290438a"}
,"/Users/diego/Desktop/codica/frontend-project-103/gendiff.mjs": {"path":"/Users/diego/Desktop/codica/frontend-project-103/gendiff.mjs","statementMap":{"0":{"start":{"line":12,"column":2},"end":{"line":30,"column":3}},"1":{"start":{"line":13,"column":18},"end":{"line":13,"column":38}},"2":{"start":{"line":14,"column":18},"end":{"line":14,"column":38}},"3":{"start":{"line":17,"column":17},"end":{"line":20,"column":5}},"4":{"start":{"line":23,"column":4},"end":{"line":25,"column":5}},"5":{"start":{"line":24,"column":6},"end":{"line":24,"column":73}},"6":{"start":{"line":27,"column":4},"end":{"line":27,"column":36}},"7":{"start":{"line":29,"column":4},"end":{"line":29,"column":65}},"8":{"start":{"line":34,"column":16},"end":{"line":34,"column":29}},"9":{"start":{"line":36,"column":0},"end":{"line":59,"column":5}},"10":{"start":{"line":48,"column":4},"end":{"line":58,"column":5}},"11":{"start":{"line":49,"column":24},"end":{"line":49,"column":47}},"12":{"start":{"line":50,"column":24},"end":{"line":50,"column":47}},"13":{"start":{"line":53,"column":19},"end":{"line":53,"column":64}},"14":{"start":{"line":54,"column":6},"end":{"line":54,"column":24}},"15":{"start":{"line":56,"column":6},"end":{"line":56,"column":47}},"16":{"start":{"line":57,"column":6},"end":{"line":57,"column":22}},"17":{"start":{"line":62,"column":0},"end":{"line":64,"column":1}},"18":{"start":{"line":63,"column":2},"end":{"line":63,"column":30}}},"fnMap":{"0":{"name":"genDiff","decl":{"start":{"line":11,"column":16},"end":{"line":11,"column":23}},"loc":{"start":{"line":11,"column":66},"end":{"line":31,"column":1}},"line":11},"1":{"name":"(anonymous_1)","decl":{"start":{"line":47,"column":10},"end":{"line":47,"column":11}},"loc":{"start":{"line":47,"column":45},"end":{"line":59,"column":3}},"line":47}},"branchMap":{"0":{"loc":{"start":{"line":11,"column":46},"end":{"line":11,"column":64}},"type":"default-arg","locations":[{"start":{"line":11,"column":55},"end":{"line":11,"column":64}}],"line":11},"1":{"loc":{"start":{"line":23,"column":4},"end":{"line":25,"column":5}},"type":"if","locations":[{"start":{"line":23,"column":4},"end":{"line":25,"column":5}},{"start":{},"end":{}}],"line":23},"2":{"loc":{"start":{"line":62,"column":0},"end":{"line":64,"column":1}},"type":"if","locations":[{"start":{"line":62,"column":0},"end":{"line":64,"column":1}},{"start":{},"end":{}}],"line":62}},"s":{"0":8,"1":8,"2":7,"3":7,"4":7,"5":0,"6":7,"7":1,"8":1,"9":1,"10":0,"11":0,"12":0,"13":0,"14":0,"15":0,"16":0,"17":1,"18":0},"f":{"0":8,"1":0},"b":{"0":[6],"1":[0,7],"2":[0,1]},"inputSourceMap":null,"_coverageSchema":"1a1c01bbd47fc00a2c39e90264f33305004495a9","hash":"07e0d38edaf4e1ae2ca8cb1d3830edd82731d69a"}
,"/Users/diego/Desktop/codica/frontend-project-103/parsers.js": {"path":"/Users/diego/Desktop/codica/frontend-project-103/parsers.js","statementMap":{"0":{"start":{"line":6,"column":18},"end":{"line":25,"column":1}},"1":{"start":{"line":7,"column":14},"end":{"line":7,"column":36}},"2":{"start":{"line":8,"column":18},"end":{"line":8,"column":59}},"3":{"start":{"line":10,"column":2},"end":{"line":12,"column":3}},"4":{"start":{"line":11,"column":4},"end":{"line":11,"column":14}},"5":{"start":{"line":14,"column":2},"end":{"line":22,"column":3}},"6":{"start":{"line":15,"column":4},"end":{"line":15,"column":36}},"7":{"start":{"line":16,"column":9},"end":{"line":22,"column":3}},"8":{"start":{"line":17,"column":4},"end":{"line":21,"column":5}},"9":{"start":{"line":18,"column":6},"end":{"line":18,"column":33}},"10":{"start":{"line":20,"column":6},"end":{"line":20,"column":81}},"11":{"start":{"line":24,"column":2},"end":{"line":24,"column":56}}},"fnMap":{"0":{"name":"(anonymous_0)","decl":{"start":{"line":6,"column":18},"end":{"line":6,"column":19}},"loc":{"start":{"line":6,"column":32},"end":{"line":25,"column":1}},"line":6}},"branchMap":{"0":{"loc":{"start":{"line":10,"column":2},"end":{"line":12,"column":3}},"type":"if","locations":[{"start":{"line":10,"column":2},"end":{"line":12,"column":3}},{"start":{},"end":{}}],"line":10},"1":{"loc":{"start":{"line":14,"column":2},"end":{"line":22,"column":3}},"type":"if","locations":[{"start":{"line":14,"column":2},"end":{"line":22,"column":3}},{"start":{"line":16,"column":9},"end":{"line":22,"column":3}}],"line":14},"2":{"loc":{"start":{"line":14,"column":6},"end":{"line":14,"column":39}},"type":"binary-expr","locations":[{"start":{"line":14,"column":6},"end":{"line":14,"column":20}},{"start":{"line":14,"column":24},"end":{"line":14,"column":39}}],"line":14},"3":{"loc":{"start":{"line":15,"column":11},"end":{"line":15,"column":35}},"type":"binary-expr","locations":[{"start":{"line":15,"column":11},"end":{"line":15,"column":29}},{"start":{"line":15,"column":33},"end":{"line":15,"column":35}}],"line":15},"4":{"loc":{"start":{"line":16,"column":9},"end":{"line":22,"column":3}},"type":"if","locations":[{"start":{"line":16,"column":9},"end":{"line":22,"column":3}},{"start":{},"end":{}}],"line":16}},"s":{"0":1,"1":15,"2":15,"3":15,"4":0,"5":15,"6":4,"7":11,"8":11,"9":11,"10":1,"11":0},"f":{"0":15},"b":{"0":[0,15],"1":[4,11],"2":[15,11],"3":[4,0],"4":[11,0]},"_coverageSchema":"1a1c01bbd47fc00a2c39e90264f33305004495a9","hash":"97f6c7b41cd355c1190d3cf0c533fa9be7f9c436"}
,"/Users/diego/Desktop/codica/frontend-project-103/formatters/index.js": {"path":"/Users/diego/Desktop/codica/frontend-project-103/formatters/index.js","statementMap":{"0":{"start":{"line":5,"column":19},"end":{"line":16,"column":1}},"1":{"start":{"line":6,"column":2},"end":{"line":15,"column":3}},"2":{"start":{"line":8,"column":6},"end":{"line":8,"column":33}},"3":{"start":{"line":10,"column":6},"end":{"line":10,"column":31}},"4":{"start":{"line":12,"column":6},"end":{"line":12,"column":30}},"5":{"start":{"line":14,"column":6},"end":{"line":14,"column":51}}},"fnMap":{"0":{"name":"(anonymous_0)","decl":{"start":{"line":5,"column":19},"end":{"line":5,"column":20}},"loc":{"start":{"line":5,"column":37},"end":{"line":16,"column":1}},"line":5}},"branchMap":{"0":{"loc":{"start":{"line":6,"column":2},"end":{"line":15,"column":3}},"type":"switch","locations":[{"start":{"line":7,"column":4},"end":{"line":8,"column":33}},{"start":{"line":9,"column":4},"end":{"line":10,"column":31}},{"start":{"line":11,"column":4},"end":{"line":12,"column":30}},{"start":{"line":13,"column":4},"end":{"line":14,"column":51}}],"line":6}},"s":{"0":1,"1":7,"2":5,"3":1,"4":1,"5":0},"f":{"0":7},"b":{"0":[5,1,1,0]},"_coverageSchema":"1a1c01bbd47fc00a2c39e90264f33305004495a9","hash":"e3a7f88fa53b21403fc571ef127755425c778d9c"}
,"/Users/diego/Desktop/codica/frontend-project-103/formatters/json.js": {"path":"/Users/diego/Desktop/codica/frontend-project-103/formatters/json.js","statementMap":{"0":{"start":{"line":1,"column":19},"end":{"line":1,"column":58}},"1":{"start":{"line":1,"column":29},"end":{"line":1,"column":58}}},"fnMap":{"0":{"name":"(anonymous_0)","decl":{"start":{"line":1,"column":19},"end":{"line":1,"column":20}},"loc":{"start":{"line":1,"column":29},"end":{"line":1,"column":58}},"line":1}},"branchMap":{},"s":{"0":1,"1":1},"f":{"0":1},"b":{},"_coverageSchema":"1a1c01bbd47fc00a2c39e90264f33305004495a9","hash":"eeba36fc91dd250a57799cbdb208801a0293ffe2"}
,"/Users/diego/Desktop/codica/frontend-project-103/formatters/plain.js": {"path":"/Users/diego/Desktop/codica/frontend-project-103/formatters/plain.js","statementMap":{"0":{"start":{"line":4,"column":20},"end":{"line":12,"column":1}},"1":{"start":{"line":5,"column":2},"end":{"line":7,"column":3}},"2":{"start":{"line":6,"column":4},"end":{"line":6,"column":29}},"3":{"start":{"line":8,"column":2},"end":{"line":10,"column":3}},"4":{"start":{"line":9,"column":4},"end":{"line":9,"column":24}},"5":{"start":{"line":11,"column":2},"end":{"line":11,"column":15}},"6":{"start":{"line":15,"column":20},"end":{"line":44,"column":1}},"7":{"start":{"line":16,"column":16},"end":{"line":16,"column":59}},"8":{"start":{"line":18,"column":2},"end":{"line":20,"column":3}},"9":{"start":{"line":19,"column":4},"end":{"line":19,"column":65}},"10":{"start":{"line":22,"column":16},"end":{"line":41,"column":20}},"11":{"start":{"line":24,"column":27},"end":{"line":24,"column":78}},"12":{"start":{"line":26,"column":6},"end":{"line":39,"column":7}},"13":{"start":{"line":28,"column":10},"end":{"line":28,"column":95}},"14":{"start":{"line":30,"column":10},"end":{"line":30,"column":58}},"15":{"start":{"line":32,"column":10},"end":{"line":32,"column":127}},"16":{"start":{"line":34,"column":10},"end":{"line":34,"column":58}},"17":{"start":{"line":36,"column":10},"end":{"line":36,"column":22}},"18":{"start":{"line":38,"column":10},"end":{"line":38,"column":61}},"19":{"start":{"line":43,"column":2},"end":{"line":43,"column":26}}},"fnMap":{"0":{"name":"(anonymous_0)","decl":{"start":{"line":4,"column":20},"end":{"line":4,"column":21}},"loc":{"start":{"line":4,"column":31},"end":{"line":12,"column":1}},"line":4},"1":{"name":"(anonymous_1)","decl":{"start":{"line":15,"column":20},"end":{"line":15,"column":21}},"loc":{"start":{"line":15,"column":47},"end":{"line":44,"column":1}},"line":15},"2":{"name":"(anonymous_2)","decl":{"start":{"line":23,"column":9},"end":{"line":23,"column":10}},"loc":{"start":{"line":23,"column":19},"end":{"line":40,"column":5}},"line":23}},"branchMap":{"0":{"loc":{"start":{"line":5,"column":2},"end":{"line":7,"column":3}},"type":"if","locations":[{"start":{"line":5,"column":2},"end":{"line":7,"column":3}},{"start":{},"end":{}}],"line":5},"1":{"loc":{"start":{"line":8,"column":2},"end":{"line":10,"column":3}},"type":"if","locations":[{"start":{"line":8,"column":2},"end":{"line":10,"column":3}},{"start":{},"end":{}}],"line":8},"2":{"loc":{"start":{"line":15,"column":27},"end":{"line":15,"column":42}},"type":"default-arg","locations":[{"start":{"line":15,"column":40},"end":{"line":15,"column":42}}],"line":15},"3":{"loc":{"start":{"line":16,"column":16},"end":{"line":16,"column":59}},"type":"cond-expr","locations":[{"start":{"line":16,"column":39},"end":{"line":16,"column":52}},{"start":{"line":16,"column":55},"end":{"line":16,"column":59}}],"line":16},"4":{"loc":{"start":{"line":18,"column":2},"end":{"line":20,"column":3}},"type":"if","locations":[{"start":{"line":18,"column":2},"end":{"line":20,"column":3}},{"start":{},"end":{}}],"line":18},"5":{"loc":{"start":{"line":24,"column":27},"end":{"line":24,"column":78}},"type":"cond-expr","locations":[{"start":{"line":24,"column":40},"end":{"line":24,"column":67}},{"start":{"line":24,"column":70},"end":{"line":24,"column":78}}],"line":24},"6":{"loc":{"start":{"line":26,"column":6},"end":{"line":39,"column":7}},"type":"switch","locations":[{"start":{"line":27,"column":8},"end":{"line":28,"column":95}},{"start":{"line":29,"column":8},"end":{"line":30,"column":58}},{"start":{"line":31,"column":8},"end":{"line":32,"column":127}},{"start":{"line":33,"column":8},"end":{"line":34,"column":58}},{"start":{"line":35,"column":8},"end":{"line":36,"column":22}},{"start":{"line":37,"column":8},"end":{"line":38,"column":61}}],"line":26}},"s":{"0":1,"1":13,"2":3,"3":10,"4":7,"5":3,"6":1,"7":5,"8":5,"9":0,"10":5,"11":18,"12":18,"13":5,"14":2,"15":4,"16":4,"17":3,"18":0,"19":5},"f":{"0":13,"1":5,"2":18},"b":{"0":[3,10],"1":[7,3],"2":[1],"3":[1,4],"4":[0,5],"5":[14,4],"6":[5,2,4,4,3,0]},"_coverageSchema":"1a1c01bbd47fc00a2c39e90264f33305004495a9","hash":"08f34ab2c593c9ca9680b6ce6a3aad32fe726638"}
,"/Users/diego/Desktop/codica/frontend-project-103/formatters/stylish.js": {"path":"/Users/diego/Desktop/codica/frontend-project-103/formatters/stylish.js","statementMap":{"0":{"start":{"line":4,"column":19},"end":{"line":4,"column":55}},"1":{"start":{"line":4,"column":30},"end":{"line":4,"column":55}},"2":{"start":{"line":5,"column":26},"end":{"line":5,"column":58}},"3":{"start":{"line":5,"column":37},"end":{"line":5,"column":58}},"4":{"start":{"line":7,"column":17},"end":{"line":27,"column":5}},"5":{"start":{"line":8,"column":6},"end":{"line":26,"column":7}},"6":{"start":{"line":10,"column":10},"end":{"line":10,"column":99}},"7":{"start":{"line":10,"column":52},"end":{"line":10,"column":81}},"8":{"start":{"line":12,"column":10},"end":{"line":12,"column":167}},"9":{"start":{"line":12,"column":90},"end":{"line":12,"column":119}},"10":{"start":{"line":14,"column":10},"end":{"line":14,"column":100}},"11":{"start":{"line":16,"column":10},"end":{"line":16,"column":100}},"12":{"start":{"line":18,"column":10},"end":{"line":18,"column":100}},"13":{"start":{"line":20,"column":10},"end":{"line":23,"column":23}},"14":{"start":{"line":25,"column":10},"end":{"line":25,"column":61}},"15":{"start":{"line":29,"column":4},"end":{"line":29,"column":86}},"16":{"start":{"line":29,"column":46},"end":{"line":29,"column":68}},"17":{"start":{"line":33,"column":4},"end":{"line":33,"column":38}},"18":{"start":{"line":33,"column":24},"end":{"line":33,"column":38}},"19":{"start":{"line":34,"column":4},"end":{"line":41,"column":5}},"20":{"start":{"line":35,"column":21},"end":{"line":35,"column":42}},"21":{"start":{"line":36,"column":28},"end":{"line":36,"column":55}},"22":{"start":{"line":37,"column":20},"end":{"line":39,"column":7}},"23":{"start":{"line":38,"column":24},"end":{"line":38,"column":71}},"24":{"start":{"line":40,"column":6},"end":{"line":40,"column":57}},"25":{"start":{"line":42,"column":4},"end":{"line":42,"column":60}}},"fnMap":{"0":{"name":"formatStylish","decl":{"start":{"line":3,"column":24},"end":{"line":3,"column":37}},"loc":{"start":{"line":3,"column":55},"end":{"line":30,"column":3}},"line":3},"1":{"name":"(anonymous_1)","decl":{"start":{"line":4,"column":19},"end":{"line":4,"column":20}},"loc":{"start":{"line":4,"column":30},"end":{"line":4,"column":55}},"line":4},"2":{"name":"(anonymous_2)","decl":{"start":{"line":5,"column":26},"end":{"line":5,"column":27}},"loc":{"start":{"line":5,"column":37},"end":{"line":5,"column":58}},"line":5},"3":{"name":"(anonymous_3)","decl":{"start":{"line":7,"column":17},"end":{"line":7,"column":18}},"loc":{"start":{"line":7,"column":41},"end":{"line":27,"column":5}},"line":7},"4":{"name":"(anonymous_4)","decl":{"start":{"line":10,"column":41},"end":{"line":10,"column":42}},"loc":{"start":{"line":10,"column":52},"end":{"line":10,"column":81}},"line":10},"5":{"name":"(anonymous_5)","decl":{"start":{"line":12,"column":79},"end":{"line":12,"column":80}},"loc":{"start":{"line":12,"column":90},"end":{"line":12,"column":119}},"line":12},"6":{"name":"(anonymous_6)","decl":{"start":{"line":29,"column":35},"end":{"line":29,"column":36}},"loc":{"start":{"line":29,"column":46},"end":{"line":29,"column":68}},"line":29},"7":{"name":"stringify","decl":{"start":{"line":32,"column":11},"end":{"line":32,"column":20}},"loc":{"start":{"line":32,"column":35},"end":{"line":43,"column":3}},"line":32},"8":{"name":"(anonymous_8)","decl":{"start":{"line":38,"column":8},"end":{"line":38,"column":9}},"loc":{"start":{"line":38,"column":24},"end":{"line":38,"column":71}},"line":38}},"branchMap":{"0":{"loc":{"start":{"line":3,"column":44},"end":{"line":3,"column":53}},"type":"default-arg","locations":[{"start":{"line":3,"column":52},"end":{"line":3,"column":53}}],"line":3},"1":{"loc":{"start":{"line":8,"column":6},"end":{"line":26,"column":7}},"type":"switch","locations":[{"start":{"line":9,"column":8},"end":{"line":10,"column":99}},{"start":{"line":11,"column":8},"end":{"line":12,"column":167}},{"start":{"line":13,"column":8},"end":{"line":14,"column":100}},{"start":{"line":15,"column":8},"end":{"line":16,"column":100}},{"start":{"line":17,"column":8},"end":{"line":18,"column":100}},{"start":{"line":19,"column":8},"end":{"line":23,"column":23}},{"start":{"line":24,"column":8},"end":{"line":25,"column":61}}],"line":8},"2":{"loc":{"start":{"line":33,"column":4},"end":{"line":33,"column":38}},"type":"if","locations":[{"start":{"line":33,"column":4},"end":{"line":33,"column":38}},{"start":{},"end":{}}],"line":33},"3":{"loc":{"start":{"line":34,"column":4},"end":{"line":41,"column":5}},"type":"if","locations":[{"start":{"line":34,"column":4},"end":{"line":41,"column":5}},{"start":{},"end":{}}],"line":34},"4":{"loc":{"start":{"line":42,"column":11},"end":{"line":42,"column":59}},"type":"cond-expr","locations":[{"start":{"line":42,"column":39},"end":{"line":42,"column":51}},{"start":{"line":42,"column":54},"end":{"line":42,"column":59}}],"line":42}},"s":{"0":5,"1":59,"2":5,"3":8,"4":5,"5":49,"6":0,"7":0,"8":8,"9":28,"10":15,"11":8,"12":8,"13":10,"14":0,"15":5,"16":21,"17":69,"18":2,"19":67,"20":14,"21":14,"22":14,"23":18,"24":14,"25":53},"f":{"0":5,"1":59,"2":8,"3":49,"4":0,"5":28,"6":21,"7":69,"8":18},"b":{"0":[5],"1":[0,8,15,8,8,10,0],"2":[2,67],"3":[14,53],"4":[29,24]},"_coverageSchema":"1a1c01bbd47fc00a2c39e90264f33305004495a9","hash":"15f66be515b24867df3d862fb21b2256c20b8359"}
}
