{"/Users/diego/Desktop/codica/frontend-project-103/fileParser.mjs": {"path":"/Users/diego/Desktop/codica/frontend-project-103/fileParser.mjs","statementMap":{"0":{"start":{"line":6,"column":19},"end":{"line":6,"column":41}},"1":{"start":{"line":7,"column":19},"end":{"line":7,"column":52}},"2":{"start":{"line":9,"column":14},"end":{"line":9,"column":36}},"3":{"start":{"line":10,"column":2},"end":{"line":16,"column":3}},"4":{"start":{"line":11,"column":4},"end":{"line":11,"column":32}},"5":{"start":{"line":12,"column":9},"end":{"line":16,"column":3}},"6":{"start":{"line":13,"column":4},"end":{"line":13,"column":31}},"7":{"start":{"line":15,"column":4},"end":{"line":15,"column":55}}},"fnMap":{"0":{"name":"parseFile","decl":{"start":{"line":5,"column":16},"end":{"line":5,"column":25}},"loc":{"start":{"line":5,"column":36},"end":{"line":17,"column":1}},"line":5}},"branchMap":{"0":{"loc":{"start":{"line":10,"column":2},"end":{"line":16,"column":3}},"type":"if","locations":[{"start":{"line":10,"column":2},"end":{"line":16,"column":3}},{"start":{"line":12,"column":9},"end":{"line":16,"column":3}}],"line":10},"1":{"loc":{"start":{"line":12,"column":9},"end":{"line":16,"column":3}},"type":"if","locations":[{"start":{"line":12,"column":9},"end":{"line":16,"column":3}},{"start":{"line":14,"column":9},"end":{"line":16,"column":3}}],"line":12},"2":{"loc":{"start":{"line":12,"column":13},"end":{"line":12,"column":46}},"type":"binary-expr","locations":[{"start":{"line":12,"column":13},"end":{"line":12,"column":27}},{"start":{"line":12,"column":31},"end":{"line":12,"column":46}}],"line":12}},"s":{"0":4,"1":4,"2":4,"3":4,"4":2,"5":2,"6":2,"7":0},"f":{"0":4},"b":{"0":[2,2],"1":[2,0],"2":[2,0]},"inputSourceMap":null,"_coverageSchema":"1a1c01bbd47fc00a2c39e90264f33305004495a9","hash":"ba9edb0cb2e178d317c7c6eb978e0f577102c1bc"}
,"/Users/diego/Desktop/codica/frontend-project-103/gendiff.mjs": {"path":"/Users/diego/Desktop/codica/frontend-project-103/gendiff.mjs","statementMap":{"0":{"start":{"line":9,"column":16},"end":{"line":9,"column":29}},"1":{"start":{"line":11,"column":0},"end":{"line":24,"column":5}},"2":{"start":{"line":17,"column":22},"end":{"line":17,"column":45}},"3":{"start":{"line":18,"column":22},"end":{"line":18,"column":45}},"4":{"start":{"line":20,"column":18},"end":{"line":20,"column":38}},"5":{"start":{"line":21,"column":18},"end":{"line":21,"column":38}},"6":{"start":{"line":23,"column":4},"end":{"line":23,"column":39}},"7":{"start":{"line":26,"column":0},"end":{"line":28,"column":1}},"8":{"start":{"line":27,"column":2},"end":{"line":27,"column":30}},"9":{"start":{"line":32,"column":18},"end":{"line":32,"column":65}},"10":{"start":{"line":33,"column":21},"end":{"line":33,"column":38}},"11":{"start":{"line":35,"column":20},"end":{"line":47,"column":4}},"12":{"start":{"line":36,"column":4},"end":{"line":42,"column":5}},"13":{"start":{"line":37,"column":6},"end":{"line":41,"column":7}},"14":{"start":{"line":38,"column":8},"end":{"line":38,"column":43}},"15":{"start":{"line":40,"column":8},"end":{"line":40,"column":70}},"16":{"start":{"line":43,"column":4},"end":{"line":45,"column":5}},"17":{"start":{"line":44,"column":6},"end":{"line":44,"column":41}},"18":{"start":{"line":46,"column":4},"end":{"line":46,"column":39}},"19":{"start":{"line":49,"column":2},"end":{"line":49,"column":41}}},"fnMap":{"0":{"name":"(anonymous_0)","decl":{"start":{"line":16,"column":10},"end":{"line":16,"column":11}},"loc":{"start":{"line":16,"column":36},"end":{"line":24,"column":3}},"line":16},"1":{"name":"genDiff","decl":{"start":{"line":31,"column":16},"end":{"line":31,"column":23}},"loc":{"start":{"line":31,"column":38},"end":{"line":50,"column":1}},"line":31},"2":{"name":"(anonymous_2)","decl":{"start":{"line":35,"column":35},"end":{"line":35,"column":36}},"loc":{"start":{"line":35,"column":44},"end":{"line":47,"column":3}},"line":35}},"branchMap":{"0":{"loc":{"start":{"line":26,"column":0},"end":{"line":28,"column":1}},"type":"if","locations":[{"start":{"line":26,"column":0},"end":{"line":28,"column":1}},{"start":{},"end":{}}],"line":26},"1":{"loc":{"start":{"line":36,"column":4},"end":{"line":42,"column":5}},"type":"if","locations":[{"start":{"line":36,"column":4},"end":{"line":42,"column":5}},{"start":{},"end":{}}],"line":36},"2":{"loc":{"start":{"line":36,"column":8},"end":{"line":36,"column":46}},"type":"binary-expr","locations":[{"start":{"line":36,"column":8},"end":{"line":36,"column":25}},{"start":{"line":36,"column":29},"end":{"line":36,"column":46}}],"line":36},"3":{"loc":{"start":{"line":37,"column":6},"end":{"line":41,"column":7}},"type":"if","locations":[{"start":{"line":37,"column":6},"end":{"line":41,"column":7}},{"start":{"line":39,"column":13},"end":{"line":41,"column":7}}],"line":37},"4":{"loc":{"start":{"line":43,"column":4},"end":{"line":45,"column":5}},"type":"if","locations":[{"start":{"line":43,"column":4},"end":{"line":45,"column":5}},{"start":{},"end":{}}],"line":43}},"s":{"0":1,"1":1,"2":0,"3":0,"4":0,"5":0,"6":0,"7":1,"8":0,"9":2,"10":2,"11":2,"12":10,"13":4,"14":2,"15":2,"16":6,"17":4,"18":2,"19":2},"f":{"0":0,"1":2,"2":10},"b":{"0":[0,1],"1":[4,6],"2":[10,8],"3":[2,2],"4":[4,2]},"inputSourceMap":null,"_coverageSchema":"1a1c01bbd47fc00a2c39e90264f33305004495a9","hash":"0840d7388d955280f57cee9afcaf275f35cf961a"}
,"/Users/diego/Desktop/codica/frontend-project-103/parsers.js": {"path":"/Users/diego/Desktop/codica/frontend-project-103/parsers.js","statementMap":{"0":{"start":{"line":6,"column":18},"end":{"line":17,"column":1}},"1":{"start":{"line":7,"column":14},"end":{"line":7,"column":36}},"2":{"start":{"line":8,"column":18},"end":{"line":8,"column":52}},"3":{"start":{"line":10,"column":2},"end":{"line":14,"column":3}},"4":{"start":{"line":11,"column":4},"end":{"line":11,"column":30}},"5":{"start":{"line":12,"column":9},"end":{"line":14,"column":3}},"6":{"start":{"line":13,"column":4},"end":{"line":13,"column":31}},"7":{"start":{"line":16,"column":2},"end":{"line":16,"column":56}}},"fnMap":{"0":{"name":"(anonymous_0)","decl":{"start":{"line":6,"column":18},"end":{"line":6,"column":19}},"loc":{"start":{"line":6,"column":32},"end":{"line":17,"column":1}},"line":6}},"branchMap":{"0":{"loc":{"start":{"line":10,"column":2},"end":{"line":14,"column":3}},"type":"if","locations":[{"start":{"line":10,"column":2},"end":{"line":14,"column":3}},{"start":{"line":12,"column":9},"end":{"line":14,"column":3}}],"line":10},"1":{"loc":{"start":{"line":10,"column":6},"end":{"line":10,"column":39}},"type":"binary-expr","locations":[{"start":{"line":10,"column":6},"end":{"line":10,"column":20}},{"start":{"line":10,"column":24},"end":{"line":10,"column":39}}],"line":10},"2":{"loc":{"start":{"line":12,"column":9},"end":{"line":14,"column":3}},"type":"if","locations":[{"start":{"line":12,"column":9},"end":{"line":14,"column":3}},{"start":{},"end":{}}],"line":12}},"s":{"0":1,"1":0,"2":0,"3":0,"4":0,"5":0,"6":0,"7":0},"f":{"0":0},"b":{"0":[0,0],"1":[0,0],"2":[0,0]},"_coverageSchema":"1a1c01bbd47fc00a2c39e90264f33305004495a9","hash":"1e002665dcb950b79edd2f51dee310fb2ec69fca"}
}
