TN:
SF:diffBuilder.js
FN:9,buildDiff
FN:20,(anonymous_1)
FNF:2
FNH:2
FNDA:28,buildDiff
FNDA:103,(anonymous_1)
DA:3,1
DA:4,1
DA:5,1
DA:6,1
DA:7,1
DA:10,28
DA:11,0
DA:14,28
DA:16,28
DA:17,0
DA:20,28
DA:21,103
DA:22,30
DA:24,73
DA:25,14
DA:28,59
DA:29,59
DA:31,59
DA:32,20
DA:39,39
DA:40,22
DA:48,17
LF:22
LH:20
BRDA:10,0,0,0
BRDA:10,0,1,28
BRDA:10,1,0,28
BRDA:10,1,1,28
BRDA:16,2,0,0
BRDA:16,2,1,28
BRDA:21,3,0,30
BRDA:21,3,1,73
BRDA:24,4,0,14
BRDA:24,4,1,59
BRDA:31,5,0,20
BRDA:31,5,1,39
BRDA:31,6,0,59
BRDA:31,6,1,25
BRDA:39,7,0,22
BRDA:39,7,1,17
BRF:16
BRH:14
end_of_record
TN:
SF:gendiff.mjs
FN:11,genDiff
FN:47,(anonymous_1)
FNF:2
FNH:1
FNDA:8,genDiff
FNDA:0,(anonymous_1)
DA:12,8
DA:13,8
DA:14,7
DA:17,7
DA:23,7
DA:24,0
DA:27,7
DA:29,1
DA:34,1
DA:36,1
DA:48,0
DA:49,0
DA:50,0
DA:53,0
DA:54,0
DA:56,0
DA:57,0
DA:62,1
DA:63,0
LF:19
LH:10
BRDA:11,0,0,6
BRDA:23,1,0,0
BRDA:23,1,1,7
BRDA:62,2,0,0
BRDA:62,2,1,1
BRF:5
BRH:3
end_of_record
TN:
SF:parsers.js
FN:6,(anonymous_0)
FNF:1
FNH:1
FNDA:15,(anonymous_0)
DA:6,1
DA:7,15
DA:8,15
DA:10,15
DA:11,0
DA:14,15
DA:15,4
DA:16,11
DA:17,11
DA:18,11
DA:20,1
DA:24,0
LF:12
LH:10
BRDA:10,0,0,0
BRDA:10,0,1,15
BRDA:14,1,0,4
BRDA:14,1,1,11
BRDA:14,2,0,15
BRDA:14,2,1,11
BRDA:15,3,0,4
BRDA:15,3,1,0
BRDA:16,4,0,11
BRDA:16,4,1,0
BRF:10
BRH:7
end_of_record
TN:
SF:formatters/index.js
FN:5,(anonymous_0)
FNF:1
FNH:1
FNDA:7,(anonymous_0)
DA:5,1
DA:6,7
DA:8,5
DA:10,1
DA:12,1
DA:14,0
LF:6
LH:5
BRDA:6,0,0,5
BRDA:6,0,1,1
BRDA:6,0,2,1
BRDA:6,0,3,0
BRF:4
BRH:3
end_of_record
TN:
SF:formatters/json.js
FN:1,(anonymous_0)
FNF:1
FNH:1
FNDA:1,(anonymous_0)
DA:1,1
LF:1
LH:1
BRF:0
BRH:0
end_of_record
TN:
SF:formatters/plain.js
FN:4,(anonymous_0)
FN:15,(anonymous_1)
FN:23,(anonymous_2)
FNF:3
FNH:3
FNDA:13,(anonymous_0)
FNDA:5,(anonymous_1)
FNDA:18,(anonymous_2)
DA:4,1
DA:5,13
DA:6,3
DA:8,10
DA:9,7
DA:11,3
DA:15,1
DA:16,5
DA:18,5
DA:19,0
DA:22,5
DA:24,18
DA:26,18
DA:28,5
DA:30,2
DA:32,4
DA:34,4
DA:36,3
DA:38,0
DA:43,5
LF:20
LH:18
BRDA:5,0,0,3
BRDA:5,0,1,10
BRDA:8,1,0,7
BRDA:8,1,1,3
BRDA:15,2,0,1
BRDA:16,3,0,1
BRDA:16,3,1,4
BRDA:18,4,0,0
BRDA:18,4,1,5
BRDA:24,5,0,14
BRDA:24,5,1,4
BRDA:26,6,0,5
BRDA:26,6,1,2
BRDA:26,6,2,4
BRDA:26,6,3,4
BRDA:26,6,4,3
BRDA:26,6,5,0
BRF:17
BRH:15
end_of_record
TN:
SF:formatters/stylish.js
FN:3,formatStylish
FN:4,(anonymous_1)
FN:5,(anonymous_2)
FN:7,(anonymous_3)
FN:10,(anonymous_4)
FN:12,(anonymous_5)
FN:29,(anonymous_6)
FN:32,stringify
FN:38,(anonymous_8)
FNF:9
FNH:8
FNDA:5,formatStylish
FNDA:59,(anonymous_1)
FNDA:8,(anonymous_2)
FNDA:49,(anonymous_3)
FNDA:0,(anonymous_4)
FNDA:28,(anonymous_5)
FNDA:21,(anonymous_6)
FNDA:69,stringify
FNDA:18,(anonymous_8)
DA:4,59
DA:5,8
DA:7,5
DA:8,49
DA:10,0
DA:12,28
DA:14,15
DA:16,8
DA:18,8
DA:20,10
DA:25,0
DA:29,21
DA:33,69
DA:34,67
DA:35,14
DA:36,14
DA:37,14
DA:38,18
DA:40,14
DA:42,53
LF:20
LH:18
BRDA:3,0,0,5
BRDA:8,1,0,0
BRDA:8,1,1,8
BRDA:8,1,2,15
BRDA:8,1,3,8
BRDA:8,1,4,8
BRDA:8,1,5,10
BRDA:8,1,6,0
BRDA:33,2,0,2
BRDA:33,2,1,67
BRDA:34,3,0,14
BRDA:34,3,1,53
BRDA:42,4,0,29
BRDA:42,4,1,24
BRF:14
BRH:12
end_of_record
