TN:
SF:fileParser.mjs
FN:5,parseFile
FNF:1
FNH:1
FNDA:2,parseFile
DA:6,2
DA:7,2
DA:8,2
LF:3
LH:3
BRF:0
BRH:0
end_of_record
TN:
SF:gendiff.mjs
FN:16,(anonymous_0)
FN:31,genDiff
FN:35,(anonymous_2)
FNF:3
FNH:2
FNDA:0,(anonymous_0)
FNDA:1,genDiff
FNDA:5,(anonymous_2)
DA:9,1
DA:11,1
DA:17,0
DA:18,0
DA:20,0
DA:21,0
DA:23,0
DA:26,1
DA:27,0
DA:32,1
DA:33,1
DA:35,1
DA:36,5
DA:37,2
DA:38,1
DA:40,1
DA:43,3
DA:44,2
DA:46,1
DA:49,1
LF:20
LH:14
BRDA:26,0,0,0
BRDA:26,0,1,1
BRDA:36,1,0,2
BRDA:36,1,1,3
BRDA:36,2,0,5
BRDA:36,2,1,4
BRDA:37,3,0,1
BRDA:37,3,1,1
BRDA:43,4,0,2
BRDA:43,4,1,1
BRF:10
BRH:9
end_of_record
